<?xml version="1.0" encoding="UTF-8"?>
<coverage generated="1670670483969" clover="3.2.0">
  <project timestamp="1670670483969" name="All files">
    <metrics statements="28" coveredstatements="9" conditionals="6" coveredconditionals="4" methods="13" coveredmethods="4" elements="47" coveredelements="17" complexity="0" loc="28" ncloc="28" packages="1" files="2" classes="2"/>
    <file name="Item.js" path="/Users/roberto.antelo/Documents/Personal/PointOfSales/src/Item.js">
      <metrics statements="8" coveredstatements="8" conditionals="4" coveredconditionals="4" methods="3" coveredmethods="3"/>
      <line num="4" count="5" type="stmt"/>
      <line num="5" count="5" type="stmt"/>
      <line num="6" count="5" type="stmt"/>
      <line num="7" count="5" type="stmt"/>
      <line num="8" count="5" type="stmt"/>
      <line num="9" count="5" type="stmt"/>
      <line num="13" count="4" type="stmt"/>
      <line num="20" count="4" type="stmt"/>
    </file>
    <file name="PointOfSales.js" path="/Users/roberto.antelo/Documents/Personal/PointOfSales/src/PointOfSales.js">
      <metrics statements="20" coveredstatements="1" conditionals="2" coveredconditionals="0" methods="10" coveredmethods="1"/>
      <line num="7" count="1" type="stmt"/>
      <line num="11" count="0" type="stmt"/>
      <line num="12" count="0" type="stmt"/>
      <line num="13" count="0" type="stmt"/>
      <line num="15" count="0" type="stmt"/>
      <line num="16" count="0" type="stmt"/>
      <line num="19" count="0" type="stmt"/>
      <line num="24" count="0" type="stmt"/>
      <line num="28" count="0" type="stmt"/>
      <line num="29" count="0" type="cond" truecount="0" falsecount="2"/>
      <line num="31" count="0" type="stmt"/>
      <line num="32" count="0" type="stmt"/>
      <line num="34" count="0" type="stmt"/>
      <line num="35" count="0" type="stmt"/>
      <line num="37" count="0" type="stmt"/>
      <line num="38" count="0" type="stmt"/>
      <line num="39" count="0" type="stmt"/>
      <line num="40" count="0" type="stmt"/>
      <line num="44" count="0" type="stmt"/>
      <line num="45" count="0" type="stmt"/>
    </file>
  </project>
</coverage>
