{"/Users/roberto.antelo/Documents/Personal/PointOfSales/src/Item.js": {"path":"/Users/roberto.antelo/Documents/Personal/PointOfSales/src/Item.js","statementMap":{"0":{"start":{"line":4,"column":4},"end":{"line":4,"column":41}},"1":{"start":{"line":5,"column":4},"end":{"line":5,"column":34}},"2":{"start":{"line":6,"column":4},"end":{"line":6,"column":40}},"3":{"start":{"line":7,"column":4},"end":{"line":7,"column":44}},"4":{"start":{"line":8,"column":4},"end":{"line":8,"column":41}},"5":{"start":{"line":9,"column":4},"end":{"line":9,"column":47}},"6":{"start":{"line":13,"column":4},"end":{"line":16,"column":6}},"7":{"start":{"line":20,"column":4},"end":{"line":20,"column":43}}},"fnMap":{"0":{"name":"(anonymous_0)","decl":{"start":{"line":3,"column":2},"end":{"line":3,"column":3}},"loc":{"start":{"line":3,"column":23},"end":{"line":10,"column":3}},"line":3},"1":{"name":"(anonymous_1)","decl":{"start":{"line":12,"column":2},"end":{"line":12,"column":3}},"loc":{"start":{"line":12,"column":8},"end":{"line":17,"column":3}},"line":12},"2":{"name":"(anonymous_2)","decl":{"start":{"line":19,"column":2},"end":{"line":19,"column":3}},"loc":{"start":{"line":19,"column":15},"end":{"line":21,"column":3}},"line":19}},"branchMap":{"0":{"loc":{"start":{"line":14,"column":7},"end":{"line":14,"column":47}},"type":"cond-expr","locations":[{"start":{"line":14,"column":23},"end":{"line":14,"column":43}},{"start":{"line":14,"column":46},"end":{"line":14,"column":47}}],"line":14},"1":{"loc":{"start":{"line":15,"column":7},"end":{"line":15,"column":43}},"type":"cond-expr","locations":[{"start":{"line":15,"column":20},"end":{"line":15,"column":21}},{"start":{"line":15,"column":24},"end":{"line":15,"column":43}}],"line":15}},"s":{"0":5,"1":5,"2":5,"3":5,"4":5,"5":5,"6":4,"7":4},"f":{"0":5,"1":4,"2":4},"b":{"0":[2,2],"1":[2,2]},"_coverageSchema":"1a1c01bbd47fc00a2c39e90264f33305004495a9","hash":"6b6b7d89f78de3ac87056562d5d4afffb1238719"}
,"/Users/roberto.antelo/Documents/Personal/PointOfSales/src/PointOfSales.js": {"path":"/Users/roberto.antelo/Documents/Personal/PointOfSales/src/PointOfSales.js","statementMap":{"0":{"start":{"line":7,"column":4},"end":{"line":7,"column":24}},"1":{"start":{"line":11,"column":4},"end":{"line":20,"column":5}},"2":{"start":{"line":12,"column":26},"end":{"line":12,"column":60}},"3":{"start":{"line":13,"column":23},"end":{"line":13,"column":55}},"4":{"start":{"line":15,"column":23},"end":{"line":15,"column":70}},"5":{"start":{"line":15,"column":44},"end":{"line":15,"column":69}},"6":{"start":{"line":16,"column":6},"end":{"line":16,"column":36}},"7":{"start":{"line":19,"column":6},"end":{"line":19,"column":23}},"8":{"start":{"line":24,"column":4},"end":{"line":24,"column":33}},"9":{"start":{"line":28,"column":19},"end":{"line":29,"column":117}},"10":{"start":{"line":29,"column":14},"end":{"line":29,"column":116}},"11":{"start":{"line":31,"column":18},"end":{"line":32,"column":41}},"12":{"start":{"line":32,"column":24},"end":{"line":32,"column":37}},"13":{"start":{"line":34,"column":18},"end":{"line":35,"column":56}},"14":{"start":{"line":35,"column":25},"end":{"line":35,"column":51}},"15":{"start":{"line":37,"column":4},"end":{"line":37,"column":40}},"16":{"start":{"line":38,"column":4},"end":{"line":38,"column":52}},"17":{"start":{"line":38,"column":30},"end":{"line":38,"column":50}},"18":{"start":{"line":39,"column":4},"end":{"line":39,"column":52}},"19":{"start":{"line":40,"column":4},"end":{"line":40,"column":54}},"20":{"start":{"line":44,"column":4},"end":{"line":46,"column":5}},"21":{"start":{"line":44,"column":17},"end":{"line":44,"column":18}},"22":{"start":{"line":45,"column":6},"end":{"line":45,"column":28}}},"fnMap":{"0":{"name":"(anonymous_0)","decl":{"start":{"line":6,"column":2},"end":{"line":6,"column":3}},"loc":{"start":{"line":6,"column":16},"end":{"line":8,"column":3}},"line":6},"1":{"name":"(anonymous_1)","decl":{"start":{"line":10,"column":2},"end":{"line":10,"column":3}},"loc":{"start":{"line":10,"column":26},"end":{"line":21,"column":3}},"line":10},"2":{"name":"(anonymous_2)","decl":{"start":{"line":15,"column":36},"end":{"line":15,"column":37}},"loc":{"start":{"line":15,"column":44},"end":{"line":15,"column":69}},"line":15},"3":{"name":"(anonymous_3)","decl":{"start":{"line":23,"column":2},"end":{"line":23,"column":3}},"loc":{"start":{"line":23,"column":15},"end":{"line":25,"column":3}},"line":23},"4":{"name":"(anonymous_4)","decl":{"start":{"line":27,"column":2},"end":{"line":27,"column":3}},"loc":{"start":{"line":27,"column":23},"end":{"line":41,"column":3}},"line":27},"5":{"name":"(anonymous_5)","decl":{"start":{"line":29,"column":9},"end":{"line":29,"column":10}},"loc":{"start":{"line":29,"column":14},"end":{"line":29,"column":116}},"line":29},"6":{"name":"(anonymous_6)","decl":{"start":{"line":32,"column":12},"end":{"line":32,"column":13}},"loc":{"start":{"line":32,"column":24},"end":{"line":32,"column":37}},"line":32},"7":{"name":"(anonymous_7)","decl":{"start":{"line":35,"column":12},"end":{"line":35,"column":13}},"loc":{"start":{"line":35,"column":25},"end":{"line":35,"column":51}},"line":35},"8":{"name":"(anonymous_8)","decl":{"start":{"line":38,"column":19},"end":{"line":38,"column":20}},"loc":{"start":{"line":38,"column":30},"end":{"line":38,"column":50}},"line":38},"9":{"name":"(anonymous_9)","decl":{"start":{"line":43,"column":2},"end":{"line":43,"column":3}},"loc":{"start":{"line":43,"column":17},"end":{"line":47,"column":3}},"line":43}},"branchMap":{"0":{"loc":{"start":{"line":29,"column":31},"end":{"line":29,"column":60}},"type":"cond-expr","locations":[{"start":{"line":29,"column":44},"end":{"line":29,"column":55}},{"start":{"line":29,"column":58},"end":{"line":29,"column":60}}],"line":29}},"s":{"0":1,"1":0,"2":0,"3":0,"4":0,"5":0,"6":0,"7":0,"8":0,"9":0,"10":0,"11":0,"12":0,"13":0,"14":0,"15":0,"16":0,"17":0,"18":0,"19":0,"20":0,"21":0,"22":0},"f":{"0":1,"1":0,"2":0,"3":0,"4":0,"5":0,"6":0,"7":0,"8":0,"9":0},"b":{"0":[0,0]},"_coverageSchema":"1a1c01bbd47fc00a2c39e90264f33305004495a9","hash":"1c5908b8a7c4f389c9829f06657beedba75cba4a"}
}
